<?xml version="1.0" encoding="UTF-8"?>
<!-- Generated by org.testng.reporters.JUnitXMLReporter -->
<testsuite hostname="DESKTOP-339DB4T" ignored="0" name="Default test" tests="4" failures="0" timestamp="14 Jan 2023 10:55:25 GMT" time="6.252" errors="0">
  <testcase name="dataIds" time="5.322" classname="org.reqres.JsonRead"/>
  <testcase name="email" time="0.341" classname="org.reqres.JsonRead"/>
  <testcase name="firstName" time="0.256" classname="org.reqres.JsonRead"/>
  <testcase name="responseCode" time="0.213" classname="org.reqres.JsonRead"/>
</testsuite> <!-- Default test -->
